▲ Next.js 16.2.10 (webpack)
- Local:         http://localhost:3000
- Network:       http://192.168.1.68:3000
- Environments: .env.local
✓ Ready in 1464ms
  Skipping creating a lockfile at D:\Pemograman Web-adi\klinik-app\.next\dev\lock because we're using WASM bindings

○ Compiling /login ...
 GET /login 200 in 9.7s (next.js: 6.6s, proxy.ts: 2.2s, application-code: 838ms)
○ Compiling /pasien ...
 GET /pasien 200 in 12.9s (next.js: 12.0s, proxy.ts: 578ms, application-code: 314ms)
 GET /pasien 200 in 6.0s (next.js: 171ms, proxy.ts: 4.6s, application-code: 1261ms)
○ Compiling /pasien/my-queue ...
 GET /pasien/my-queue 200 in 4.1s (next.js: 3.4s, proxy.ts: 402ms, application-code: 217ms)
 GET /login 200 in 862ms (next.js: 23ms, proxy.ts: 27ms, application-code: 812ms)
 GET /login 200 in 401ms (next.js: 8ms, proxy.ts: 33ms, application-code: 359ms)
 GET /pasien 200 in 482ms (next.js: 25ms, proxy.ts: 385ms, application-code: 72ms)
○ Compiling /admin ...
 GET /login 200 in 5.0s (next.js: 4.0s, proxy.ts: 24ms, application-code: 952ms)
 GET /login 200 in 284ms (next.js: 8ms, proxy.ts: 17ms, application-code: 259ms)
 GET /admin 200 in 608ms (next.js: 10ms, proxy.ts: 514ms, application-code: 84ms)
○ Compiling /admin/users ...
 GET /admin/users 200 in 4.2s (next.js: 3.6s, proxy.ts: 386ms, application-code: 123ms)
 GET /admin/users 200 in 425ms (next.js: 9ms, proxy.ts: 192ms, application-code: 225ms)
○ Compiling /admin/doctors ...
 GET /admin/doctors 200 in 4.2s (next.js: 3.5s, proxy.ts: 589ms, application-code: 109ms)
 GET /admin/poli 200 in 3.4s (next.js: 2.9s, proxy.ts: 334ms, application-code: 112ms)
○ Compiling /admin/schedules ...
 GET /admin/schedules 200 in 3.9s (next.js: 3.4s, proxy.ts: 378ms, application-code: 96ms)
 GET /admin 200 in 567ms (next.js: 35ms, proxy.ts: 432ms, application-code: 101ms)
 GET /admin/users 200 in 477ms (next.js: 27ms, proxy.ts: 314ms, application-code: 135ms)
○ Compiling /admin/reports ...
 GET /admin/reports 200 in 6.0s (next.js: 5.6s, proxy.ts: 332ms, application-code: 91ms)
 GET /admin/audit-log 200 in 2.6s (next.js: 2.1s, proxy.ts: 432ms, application-code: 67ms)
 GET /admin 200 in 395ms (next.js: 17ms, proxy.ts: 326ms, application-code: 52ms)
 GET /admin 200 in 543ms (next.js: 64ms, proxy.ts: 408ms, application-code: 70ms)
 GET /admin 200 in 250ms (next.js: 9ms, proxy.ts: 202ms, application-code: 39ms)
 GET /admin 200 in 1755ms (next.js: 8ms, proxy.ts: 676ms, application-code: 1072ms)
 GET /admin 200 in 1067ms (next.js: 8ms, proxy.ts: 1021ms, application-code: 38ms)
 GET /admin 200 in 387ms (next.js: 8ms, proxy.ts: 336ms, application-code: 43ms)
 GET /admin 200 in 344ms (next.js: 7ms, proxy.ts: 300ms, application-code: 37ms)
 GET /admin 200 in 858ms (next.js: 7ms, proxy.ts: 317ms, application-code: 534ms)
 GET /admin 200 in 330ms (next.js: 9ms, proxy.ts: 309ms, application-code: 12ms)
 GET /admin 200 in 232ms (next.js: 11ms, proxy.ts: 177ms, application-code: 44ms)
○ Compiling /login ...
 GET /login 200 in 4.7s (next.js: 4.1s, proxy.ts: 13ms, application-code: 514ms)
 GET /login 200 in 303ms (next.js: 5ms, proxy.ts: 13ms, application-code: 285ms)
 GET /admin 200 in 733ms (next.js: 23ms, proxy.ts: 516ms, application-code: 193ms)
 GET /admin 200 in 891ms (next.js: 198ms, proxy.ts: 553ms, application-code: 140ms)
 GET /admin 200 in 771ms (next.js: 123ms, proxy.ts: 515ms, application-code: 132ms)
 GET /admin 200 in 1505ms (next.js: 6ms, proxy.ts: 347ms, application-code: 1152ms)
○ Compiling /monitor ...
 GET /monitor 200 in 5.3s (next.js: 4.6s, proxy.ts: 261ms, application-code: 485ms)
 GET /admin 200 in 734ms (next.js: 21ms, proxy.ts: 393ms, application-code: 320ms)
 GET /monitor 200 in 1092ms (next.js: 151ms, proxy.ts: 864ms, application-code: 77ms)
 GET /admin 200 in 1392ms (next.js: 23ms, proxy.ts: 1326ms, application-code: 42ms)
 GET /monitor 200 in 765ms (next.js: 329ms, proxy.ts: 305ms, application-code: 131ms)
 GET /admin 200 in 817ms (next.js: 21ms, proxy.ts: 754ms, application-code: 42ms)
 GET /monitor 200 in 368ms (next.js: 62ms, proxy.ts: 254ms, application-code: 52ms)
 GET /admin 200 in 512ms (next.js: 19ms, proxy.ts: 450ms, application-code: 43ms)
 GET /monitor 200 in 344ms (next.js: 7ms, proxy.ts: 297ms, application-code: 40ms)
 GET /admin 200 in 733ms (next.js: 7ms, proxy.ts: 692ms, application-code: 34ms)
 GET /monitor 200 in 293ms (next.js: 6ms, proxy.ts: 253ms, application-code: 34ms)
 GET /admin 200 in 373ms (next.js: 7ms, proxy.ts: 329ms, application-code: 37ms)
 GET /monitor 200 in 226ms (next.js: 7ms, proxy.ts: 189ms, application-code: 29ms)
 GET /admin 200 in 326ms (next.js: 7ms, proxy.ts: 283ms, application-code: 37ms)
 GET /monitor 200 in 164ms (next.js: 6ms, proxy.ts: 129ms, application-code: 29ms)
 GET /admin 200 in 223ms (next.js: 6ms, proxy.ts: 180ms, application-code: 37ms)
 GET /monitor 200 in 312ms (next.js: 7ms, proxy.ts: 272ms, application-code: 33ms)
 GET /admin 200 in 374ms (next.js: 8ms, proxy.ts: 331ms, application-code: 35ms)
 GET /monitor 200 in 326ms (next.js: 5ms, proxy.ts: 289ms, application-code: 32ms)
 GET /admin 200 in 395ms (next.js: 8ms, proxy.ts: 353ms, application-code: 34ms)
 GET /monitor 200 in 358ms (next.js: 8ms, proxy.ts: 319ms, application-code: 31ms)
 GET /admin 200 in 411ms (next.js: 6ms, proxy.ts: 369ms, application-code: 35ms)
 GET /monitor 200 in 285ms (next.js: 6ms, proxy.ts: 244ms, application-code: 35ms)
 GET /admin 200 in 389ms (next.js: 7ms, proxy.ts: 348ms, application-code: 33ms)
 GET /monitor 200 in 245ms (next.js: 6ms, proxy.ts: 209ms, application-code: 30ms)
 GET /admin 200 in 339ms (next.js: 6ms, proxy.ts: 292ms, application-code: 40ms)
 GET /monitor 200 in 257ms (next.js: 6ms, proxy.ts: 218ms, application-code: 34ms)
 GET /admin 200 in 338ms (next.js: 6ms, proxy.ts: 298ms, application-code: 34ms)
 GET /monitor 200 in 307ms (next.js: 6ms, proxy.ts: 266ms, application-code: 35ms)
 GET /admin 200 in 410ms (next.js: 6ms, proxy.ts: 371ms, application-code: 34ms)
 GET /monitor 200 in 298ms (next.js: 7ms, proxy.ts: 256ms, application-code: 35ms)
 GET /admin 200 in 406ms (next.js: 6ms, proxy.ts: 365ms, application-code: 35ms)
 GET /monitor 200 in 144ms (next.js: 6ms, proxy.ts: 108ms, application-code: 30ms)
 GET /admin 200 in 288ms (next.js: 7ms, proxy.ts: 249ms, application-code: 32ms)
 GET /monitor 200 in 253ms (next.js: 6ms, proxy.ts: 215ms, application-code: 32ms)
 GET /admin 200 in 332ms (next.js: 6ms, proxy.ts: 291ms, application-code: 35ms)
 GET /admin 200 in 1282ms (next.js: 9ms, proxy.ts: 344ms, application-code: 929ms)
 GET /monitor 200 in 1686ms (next.js: 6ms, proxy.ts: 158ms, application-code: 1522ms)
 GET /login 200 in 561ms (next.js: 29ms, proxy.ts: 15ms, application-code: 516ms)
 GET /admin 200 in 439ms (next.js: 10ms, proxy.ts: 360ms, application-code: 69ms)
 GET /admin/audit-log 200 in 413ms (next.js: 28ms, proxy.ts: 338ms, application-code: 47ms)
 GET /login 200 in 400ms (next.js: 7ms, proxy.ts: 22ms, application-code: 371ms)
 GET /monitor 200 in 72ms (next.js: 9ms, proxy.ts: 17ms, application-code: 46ms)
 GET /login 200 in 153ms (next.js: 7ms, proxy.ts: 14ms, application-code: 132ms)
 GET /monitor 200 in 397ms (next.js: 304ms, proxy.ts: 16ms, application-code: 77ms)
 GET /login 200 in 399ms (next.js: 187ms, proxy.ts: 16ms, application-code: 196ms)
 GET /monitor 200 in 265ms (next.js: 211ms, proxy.ts: 14ms, application-code: 39ms)
 GET /login 200 in 268ms (next.js: 123ms, proxy.ts: 14ms, application-code: 132ms)
 GET /login 200 in 162ms (next.js: 55ms, proxy.ts: 16ms, application-code: 91ms)
 GET /monitor 200 in 75ms (next.js: 11ms, proxy.ts: 12ms, application-code: 52ms)
 GET /monitor 200 in 74ms (next.js: 11ms, proxy.ts: 12ms, application-code: 51ms)
 GET /login 200 in 338ms (next.js: 144ms, proxy.ts: 12ms, application-code: 181ms)
 GET /login 200 in 69ms (next.js: 6ms, proxy.ts: 12ms, application-code: 52ms)
 GET /login 200 in 74ms (next.js: 8ms, proxy.ts: 10ms, application-code: 55ms)
 GET /login 200 in 582ms (next.js: 5ms, proxy.ts: 12ms, application-code: 564ms)
 GET /admin 200 in 462ms (next.js: 26ms, proxy.ts: 370ms, application-code: 66ms)
 GET /admin/audit-log 200 in 222ms (next.js: 21ms, proxy.ts: 160ms, application-code: 41ms)
 GET /admin/reports 200 in 1785ms (next.js: 435ms, proxy.ts: 1285ms, application-code: 65ms)
 GET /admin 200 in 250ms (next.js: 13ms, proxy.ts: 191ms, application-code: 46ms)
 GET /admin 200 in 3.5s (next.js: 49ms, proxy.ts: 586ms, application-code: 2.9s)
○ Compiling /admin/users ...
 GET /admin/users 200 in 15.2s (next.js: 14.5s, proxy.ts: 375ms, application-code: 306ms)
 GET /monitor 200 in 1851ms (next.js: 67ms, proxy.ts: 1514ms, application-code: 270ms)
 GET /admin/users 200 in 1607ms (next.js: 19ms, proxy.ts: 1477ms, application-code: 112ms)
 GET /admin/users 200 in 2.2s (next.js: 10ms, proxy.ts: 845ms, application-code: 1326ms)
 GET /monitor 200 in 357ms (next.js: 12ms, proxy.ts: 196ms, application-code: 148ms)
 GET /admin/users 200 in 1357ms (next.js: 32ms, proxy.ts: 798ms, application-code: 527ms)
 GET /admin/users 200 in 2.2s (next.js: 22ms, proxy.ts: 1499ms, application-code: 678ms)
 GET /login 200 in 1068ms (next.js: 84ms, proxy.ts: 30ms, application-code: 954ms)
 GET /login 200 in 558ms (next.js: 11ms, proxy.ts: 21ms, application-code: 526ms)
 GET /login 200 in 586ms (next.js: 14ms, proxy.ts: 33ms, application-code: 539ms)
 GET /login 200 in 602ms (next.js: 20ms, proxy.ts: 28ms, application-code: 554ms)
 GET /login 200 in 550ms (next.js: 8ms, proxy.ts: 21ms, application-code: 521ms)
 GET /login 200 in 521ms (next.js: 10ms, proxy.ts: 31ms, application-code: 480ms)
 GET /login 200 in 904ms (next.js: 20ms, proxy.ts: 15ms, application-code: 869ms)
 GET /admin 200 in 597ms (next.js: 109ms, proxy.ts: 392ms, application-code: 95ms)
 GET /admin/users 200 in 272ms (next.js: 12ms, proxy.ts: 192ms, application-code: 68ms)
○ Compiling /admin/doctors ...
 GET /admin/doctors 200 in 15.9s (next.js: 14.8s, proxy.ts: 187ms, application-code: 889ms)
 GET /admin/audit-log 200 in 532ms (next.js: 35ms, proxy.ts: 438ms, application-code: 59ms)
 GET /admin/audit-log 200 in 578ms (next.js: 73ms, proxy.ts: 294ms, application-code: 211ms)
 GET /admin/audit-log 200 in 257ms (next.js: 7ms, proxy.ts: 200ms, application-code: 50ms)
 GET /admin/poli 200 in 3.2s (next.js: 2.8s, proxy.ts: 337ms, application-code: 94ms)
 GET /admin/poli 200 in 418ms (next.js: 29ms, proxy.ts: 308ms, application-code: 81ms)
 GET /admin/doctors 200 in 2.8s (next.js: 2.4s, proxy.ts: 354ms, application-code: 77ms)
 GET /admin/schedules 200 in 3.2s (next.js: 2.8s, proxy.ts: 350ms, application-code: 73ms)
 GET /admin/schedules 200 in 1126ms (next.js: 8ms, proxy.ts: 1044ms, application-code: 74ms)
○ Compiling /admin/reports ...
 GET /admin/reports 200 in 5.2s (next.js: 4.9s, proxy.ts: 187ms, application-code: 86ms)
 GET /admin/reports 200 in 566ms (next.js: 3ms, proxy.ts: 493ms, application-code: 71ms)
 GET /admin 200 in 995ms (next.js: 41ms, proxy.ts: 894ms, application-code: 61ms)
 GET /admin/users 200 in 1095ms (next.js: 140ms, proxy.ts: 192ms, application-code: 764ms)
 GET /admin/doctors 200 in 290ms (next.js: 28ms, proxy.ts: 222ms, application-code: 39ms)
 GET /admin/poli 200 in 265ms (next.js: 30ms, proxy.ts: 193ms, application-code: 41ms)
 GET /admin/reports 200 in 395ms (next.js: 8ms, proxy.ts: 307ms, application-code: 81ms)
 GET /admin/audit-log 200 in 255ms (next.js: 23ms, proxy.ts: 195ms, application-code: 37ms)
 GET /admin 200 in 932ms (next.js: 65ms, proxy.ts: 171ms, application-code: 696ms)
 GET /admin/audit-log 200 in 674ms (next.js: 16ms, proxy.ts: 594ms, application-code: 64ms)
 GET /admin/reports 200 in 437ms (next.js: 14ms, proxy.ts: 359ms, application-code: 65ms)
 GET /admin/users 200 in 389ms (next.js: 13ms, proxy.ts: 337ms, application-code: 39ms)
 GET /admin/poli 200 in 545ms (next.js: 18ms, proxy.ts: 444ms, application-code: 83ms)
 GET /admin/doctors 200 in 612ms (next.js: 12ms, proxy.ts: 348ms, application-code: 253ms)
 GET /admin/users 200 in 436ms (next.js: 10ms, proxy.ts: 360ms, application-code: 65ms)
 GET /admin/poli 200 in 778ms (next.js: 8ms, proxy.ts: 725ms, application-code: 44ms)
 GET /admin 200 in 374ms (next.js: 13ms, proxy.ts: 328ms, application-code: 33ms)
 GET /admin/users 200 in 400ms (next.js: 10ms, proxy.ts: 348ms, application-code: 42ms)
 GET /admin/poli 200 in 890ms (next.js: 8ms, proxy.ts: 804ms, application-code: 78ms)
 GET /admin/poli 200 in 2.2s (next.js: 13ms, proxy.ts: 1290ms, application-code: 867ms)
 GET /admin/doctors 200 in 441ms (next.js: 13ms, proxy.ts: 353ms, application-code: 75ms)
 GET /login 200 in 550ms (next.js: 32ms, proxy.ts: 13ms, application-code: 504ms)
 GET /admin 200 in 566ms (next.js: 21ms, proxy.ts: 398ms, application-code: 148ms)
 GET /admin/doctors 200 in 352ms (next.js: 8ms, proxy.ts: 285ms, application-code: 58ms)
 GET /admin/poli 200 in 422ms (next.js: 11ms, proxy.ts: 340ms, application-code: 71ms)
 GET /admin/schedules 200 in 295ms (next.js: 32ms, proxy.ts: 215ms, application-code: 49ms)
 GET /admin 200 in 677ms (next.js: 14ms, proxy.ts: 590ms, application-code: 73ms)
 GET /admin/users 200 in 447ms (next.js: 12ms, proxy.ts: 354ms, application-code: 80ms)
 GET /login 200 in 442ms (next.js: 10ms, proxy.ts: 17ms, application-code: 415ms)
 GET /login 200 in 413ms (next.js: 12ms, proxy.ts: 13ms, application-code: 388ms)
○ Compiling /dokter ...
 GET /dokter 200 in 21.1s (next.js: 20.4s, proxy.ts: 443ms, application-code: 239ms)
 GET /dokter 200 in 1209ms (next.js: 37ms, proxy.ts: 749ms, application-code: 423ms)
○ Compiling /dokter/my-schedule ...
 GET /dokter/my-schedule 200 in 11.9s (next.js: 11.1s, proxy.ts: 611ms, application-code: 104ms)
 GET /dokter/my-schedule 200 in 860ms (next.js: 11ms, proxy.ts: 770ms, application-code: 79ms)
○ Compiling /dokter/examination ...
 GET /dokter/examination 200 in 3.8s (next.js: 3.4s, proxy.ts: 369ms, application-code: 93ms)
 GET /dokter/examination 200 in 485ms (next.js: 15ms, proxy.ts: 334ms, application-code: 136ms)
○ Compiling /dokter/medical-records ...
 GET /dokter/medical-records 200 in 10.2s (next.js: 8.8s, proxy.ts: 1267ms, application-code: 106ms)
 GET /dokter/medical-records 200 in 615ms (next.js: 63ms, proxy.ts: 438ms, application-code: 115ms)
 GET /dokter/medical-records 200 in 6.7s (next.js: 315ms, proxy.ts: 1935ms, application-code: 4.4s)
 GET /dokter/examination 200 in 514ms (next.js: 30ms, proxy.ts: 360ms, application-code: 124ms)
 GET /dokter/my-schedule 200 in 299ms (next.js: 31ms, proxy.ts: 215ms, application-code: 52ms)
 GET /dokter/my-schedule 200 in 2.3s (next.js: 33ms, proxy.ts: 1438ms, application-code: 796ms)
 GET /dokter 200 in 708ms (next.js: 139ms, proxy.ts: 423ms, application-code: 146ms)
○ Compiling /login ...
 GET /login 200 in 43s (next.js: 39.5s, proxy.ts: 36ms, application-code: 3.0s)
○ Compiling /monitor ...
 GET /monitor 200 in 19.6s (next.js: 18.7s, proxy.ts: 256ms, application-code: 708ms)
 GET /monitor 200 in 152ms (next.js: 10ms, proxy.ts: 17ms, application-code: 126ms)
 GET /monitor 200 in 576ms (next.js: 10ms, proxy.ts: 20ms, application-code: 546ms)
 GET /dokter 200 in 1526ms (next.js: 174ms, proxy.ts: 876ms, application-code: 476ms)
 GET /dokter/my-schedule 200 in 608ms (next.js: 72ms, proxy.ts: 383ms, application-code: 152ms)
 GET /dokter/examination 200 in 319ms (next.js: 30ms, proxy.ts: 211ms, application-code: 78ms)
 GET /dokter/medical-records 200 in 332ms (next.js: 43ms, proxy.ts: 211ms, application-code: 78ms)
 GET /login 200 in 795ms (next.js: 43ms, proxy.ts: 21ms, application-code: 731ms)
 GET /dokter 200 in 849ms (next.js: 31ms, proxy.ts: 411ms, application-code: 407ms)
 GET /dokter/examination 200 in 526ms (next.js: 15ms, proxy.ts: 352ms, application-code: 159ms)
 GET /dokter/my-schedule 200 in 594ms (next.js: 24ms, proxy.ts: 278ms, application-code: 293ms)
 GET /dokter/medical-records 200 in 327ms (next.js: 15ms, proxy.ts: 236ms, application-code: 76ms)
 GET /login 200 in 713ms (next.js: 15ms, proxy.ts: 29ms, application-code: 669ms)
 GET /dokter 200 in 692ms (next.js: 46ms, proxy.ts: 397ms, application-code: 249ms)
 GET /monitor 200 in 1035ms (next.js: 13ms, proxy.ts: 404ms, application-code: 617ms)
 GET /dokter/examination 200 in 576ms (next.js: 17ms, proxy.ts: 328ms, application-code: 231ms)
 GET /dokter/my-schedule 200 in 286ms (next.js: 15ms, proxy.ts: 172ms, application-code: 100ms)
 GET /dokter 200 in 841ms (next.js: 30ms, proxy.ts: 610ms, application-code: 201ms)
 GET /login 200 in 777ms (next.js: 17ms, proxy.ts: 32ms, application-code: 727ms)
○ Compiling /admin ...
 GET /admin 200 in 12.1s (next.js: 11.3s, proxy.ts: 418ms, application-code: 373ms)
 GET /monitor 200 in 666ms (next.js: 80ms, proxy.ts: 519ms, application-code: 67ms)
 GET /admin 200 in 1837ms (next.js: 1173ms, proxy.ts: 461ms, application-code: 202ms)
 GET /admin/users 200 in 2.6s (next.js: 2.0s, proxy.ts: 449ms, application-code: 74ms)
 GET /admin 200 in 642ms (next.js: 64ms, proxy.ts: 505ms, application-code: 72ms)
 GET /admin 200 in 1893ms (next.js: 28ms, proxy.ts: 251ms, application-code: 1614ms)
 GET /monitor 200 in 713ms (next.js: 21ms, proxy.ts: 243ms, application-code: 449ms)
 GET /admin/users 200 in 354ms (next.js: 13ms, proxy.ts: 234ms, application-code: 107ms)
○ Compiling /admin/audit-log ...
 GET /admin/audit-log 200 in 7.1s (next.js: 6.6s, proxy.ts: 374ms, application-code: 161ms)
 GET /monitor 200 in 710ms (next.js: 31ms, proxy.ts: 599ms, application-code: 81ms)
 GET /admin/audit-log 200 in 719ms (next.js: 12ms, proxy.ts: 638ms, application-code: 69ms)
 GET /admin/users 200 in 597ms (next.js: 73ms, proxy.ts: 407ms, application-code: 118ms)
 GET /admin 200 in 372ms (next.js: 85ms, proxy.ts: 221ms, application-code: 66ms)
 GET /admin/users 200 in 494ms (next.js: 20ms, proxy.ts: 359ms, application-code: 115ms)
 GET /admin 200 in 1012ms (next.js: 20ms, proxy.ts: 926ms, application-code: 67ms)
 GET /admin 200 in 2.1s (next.js: 14ms, proxy.ts: 671ms, application-code: 1420ms)
 GET /monitor 200 in 1302ms (next.js: 128ms, proxy.ts: 654ms, application-code: 520ms)
 GET /admin/users 200 in 680ms (next.js: 30ms, proxy.ts: 484ms, application-code: 166ms)
○ Compiling /admin/doctors ...
 GET /admin/doctors 200 in 13.3s (next.js: 12.9s, proxy.ts: 181ms, application-code: 224ms)
 GET /monitor 200 in 724ms (next.js: 56ms, proxy.ts: 444ms, application-code: 224ms)
 GET /admin/doctors 200 in 582ms (next.js: 36ms, proxy.ts: 425ms, application-code: 121ms)
 GET /admin/doctors 200 in 1633ms (next.js: 300ms, proxy.ts: 1045ms, application-code: 288ms)
 GET /admin/doctors 200 in 4.9s (next.js: 105ms, proxy.ts: 563ms, application-code: 4.2s)
 GET /admin/users 200 in 4.0s (next.js: 420ms, proxy.ts: 2.3s, application-code: 1224ms)
 GET /admin/doctors 200 in 852ms (next.js: 27ms, proxy.ts: 724ms, application-code: 101ms)
○ Compiling /admin/poli ...
 GET /admin/poli 200 in 12.3s (next.js: 11.9s, proxy.ts: 177ms, application-code: 264ms)
 GET /admin/poli 200 in 1031ms (next.js: 41ms, proxy.ts: 638ms, application-code: 351ms)
 GET /admin/doctors 200 in 671ms (next.js: 82ms, proxy.ts: 458ms, application-code: 132ms)
 GET /admin/doctors 200 in 1155ms (next.js: 340ms, proxy.ts: 623ms, application-code: 193ms)
 GET /admin/doctors 200 in 640ms (next.js: 72ms, proxy.ts: 301ms, application-code: 268ms)
○ Compiling /admin/schedules ...
 GET /admin/schedules 200 in 6.6s (next.js: 5.1s, proxy.ts: 1326ms, application-code: 147ms)
 GET /admin/schedules 200 in 1045ms (next.js: 13ms, proxy.ts: 957ms, application-code: 75ms)
 GET /admin/schedules 200 in 1229ms (next.js: 340ms, proxy.ts: 778ms, application-code: 112ms)
 GET /admin/schedules 200 in 1957ms (next.js: 23ms, proxy.ts: 958ms, application-code: 976ms)
 GET /admin/doctors 200 in 588ms (next.js: 108ms, proxy.ts: 360ms, application-code: 120ms)
 GET /admin/schedules 200 in 343ms (next.js: 14ms, proxy.ts: 244ms, application-code: 86ms)
 GET /admin/doctors 200 in 1064ms (next.js: 29ms, proxy.ts: 657ms, application-code: 378ms)
 GET /admin/poli 200 in 632ms (next.js: 91ms, proxy.ts: 350ms, application-code: 192ms)
 GET /admin/schedules 200 in 464ms (next.js: 17ms, proxy.ts: 393ms, application-code: 53ms)
 GET /admin/poli 200 in 626ms (next.js: 17ms, proxy.ts: 448ms, application-code: 161ms)
 GET /admin/doctors 200 in 269ms (next.js: 9ms, proxy.ts: 205ms, application-code: 55ms)
 GET /admin/poli 200 in 791ms (next.js: 24ms, proxy.ts: 356ms, application-code: 411ms)
 GET /admin/schedules 200 in 298ms (next.js: 16ms, proxy.ts: 194ms, application-code: 88ms)
 GET /admin/doctors 200 in 870ms (next.js: 56ms, proxy.ts: 715ms, application-code: 100ms)
 GET /admin/schedules 200 in 554ms (next.js: 17ms, proxy.ts: 361ms, application-code: 176ms)
 GET /admin/doctors 200 in 666ms (next.js: 47ms, proxy.ts: 541ms, application-code: 78ms)
 GET /admin/poli 200 in 426ms (next.js: 12ms, proxy.ts: 349ms, application-code: 65ms)
 GET /admin/schedules 200 in 683ms (next.js: 21ms, proxy.ts: 563ms, application-code: 100ms)
○ Compiling /admin/users ...
 GET /admin/users 200 in 5.8s (next.js: 5.2s, proxy.ts: 470ms, application-code: 106ms)
 GET /admin/schedules 200 in 622ms (next.js: 114ms, proxy.ts: 358ms, application-code: 150ms)
○ Compiling /login ...
 GET /login 200 in 14.8s (next.js: 13.2s, proxy.ts: 26ms, application-code: 1602ms)
○ Compiling /dokter ...
 GET /dokter 200 in 5.8s (next.js: 5.1s, proxy.ts: 386ms, application-code: 258ms)
 GET /dokter 200 in 701ms (next.js: 11ms, proxy.ts: 426ms, application-code: 264ms)
○ Compiling /dokter/my-schedule ...
 GET /dokter/my-schedule 200 in 9.8s (next.js: 9.3s, proxy.ts: 334ms, application-code: 163ms)
 GET /dokter/my-schedule 200 in 1745ms (next.js: 20ms, proxy.ts: 1476ms, application-code: 248ms)
 GET /dokter/my-schedule 200 in 496ms (next.js: 10ms, proxy.ts: 363ms, application-code: 123ms)
 GET /dokter/my-schedule 200 in 7.5s (next.js: 6.2s, proxy.ts: 1157ms, application-code: 156ms)
 GET /dokter/my-schedule 200 in 432ms (next.js: 7ms, proxy.ts: 376ms, application-code: 49ms)
 GET /dokter/my-schedule 200 in 459ms (next.js: 72ms, proxy.ts: 325ms, application-code: 62ms)
 GET /dokter/my-schedule 200 in 516ms (next.js: 74ms, proxy.ts: 349ms, application-code: 93ms)
 GET /dokter/my-schedule 200 in 2.6s (next.js: 82ms, proxy.ts: 472ms, application-code: 2.1s)
○ Compiling /profile ...
 GET /profile 200 in 17.0s (next.js: 16.5s, proxy.ts: 335ms, application-code: 131ms)
 GET /login 200 in 1026ms (next.js: 52ms, proxy.ts: 39ms, application-code: 935ms)
○ Compiling /admin ...
 GET /admin 200 in 21.3s (next.js: 19.9s, proxy.ts: 826ms, application-code: 586ms)
 GET /profile 200 in 1122ms (next.js: 178ms, proxy.ts: 508ms, application-code: 437ms)
 GET /admin/users 200 in 1412ms (next.js: 54ms, proxy.ts: 1008ms, application-code: 350ms)
○ Compiling /admin/schedules ...
 GET /admin/schedules 200 in 11.1s (next.js: 10.5s, proxy.ts: 362ms, application-code: 233ms)
 GET /admin/schedules 200 in 1079ms (next.js: 16ms, proxy.ts: 663ms, application-code: 400ms)
○ Compiling /admin/audit-log ...
 GET /admin/audit-log 200 in 6.6s (next.js: 6.0s, proxy.ts: 300ms, application-code: 299ms)
 GET /admin/audit-log 200 in 7.7s (next.js: 2.5s, proxy.ts: 5.0s, application-code: 283ms)
 GET /admin/audit-log 200 in 628ms (next.js: 134ms, proxy.ts: 382ms, application-code: 112ms)
 GET /admin/audit-log 200 in 979ms (next.js: 121ms, proxy.ts: 694ms, application-code: 164ms)
 GET /admin/audit-log 200 in 1654ms (next.js: 71ms, proxy.ts: 672ms, application-code: 911ms)
 GET /admin/audit-log 200 in 1206ms (next.js: 480ms, proxy.ts: 457ms, application-code: 268ms)
 GET /admin/audit-log 200 in 689ms (next.js: 178ms, proxy.ts: 371ms, application-code: 140ms)
 GET /admin/audit-log 200 in 20.1s (next.js: 21ms, proxy.ts: 606ms, application-code: 19.5s)
 GET /profile 200 in 1262ms (next.js: 183ms, proxy.ts: 606ms, application-code: 472ms)
 GET /admin/users 200 in 635ms (next.js: 33ms, proxy.ts: 506ms, application-code: 96ms)
○ Compiling /admin/doctors ...
 GET /admin/doctors 200 in 12.4s (next.js: 11.8s, proxy.ts: 386ms, application-code: 135ms)
○ Compiling /login ...
 GET /login 200 in 14.7s (next.js: 13.1s, proxy.ts: 81ms, application-code: 1484ms)
○ Compiling /petugas ...
 GET /petugas 200 in 7.5s (next.js: 7.0s, proxy.ts: 418ms, application-code: 85ms)
 GET /petugas 200 in 791ms (next.js: 15ms, proxy.ts: 488ms, application-code: 288ms)
○ Compiling /petugas/registration ...
 GET /petugas/registration 200 in 6.2s (next.js: 5.8s, proxy.ts: 340ms, application-code: 82ms)
 GET /petugas/registration 200 in 835ms (next.js: 11ms, proxy.ts: 665ms, application-code: 159ms)
○ Compiling /petugas/queue ...
 GET /petugas/queue 200 in 4.2s (next.js: 3.9s, proxy.ts: 174ms, application-code: 80ms)
 GET /petugas/queue 200 in 487ms (next.js: 15ms, proxy.ts: 365ms, application-code: 107ms)
○ Compiling /profile ...
 GET /profile 200 in 5.5s (next.js: 5.1s, proxy.ts: 262ms, application-code: 173ms)
 GET /petugas/registration 200 in 498ms (next.js: 37ms, proxy.ts: 354ms, application-code: 107ms)
 GET /petugas/registration 200 in 1194ms (next.js: 186ms, proxy.ts: 931ms, application-code: 78ms)
 GET /petugas/registration 200 in 984ms (next.js: 15ms, proxy.ts: 372ms, application-code: 597ms)
 GET /petugas/registration 200 in 993ms (next.js: 235ms, proxy.ts: 671ms, application-code: 87ms)
 GET /petugas/registration 200 in 506ms (next.js: 81ms, proxy.ts: 364ms, application-code: 61ms)
 GET /petugas/registration 200 in 1206ms (next.js: 8ms, proxy.ts: 382ms, application-code: 816ms)
 GET /petugas/registration 200 in 719ms (next.js: 15ms, proxy.ts: 308ms, application-code: 396ms)
 GET /petugas/registration 200 in 889ms (next.js: 135ms, proxy.ts: 685ms, application-code: 69ms)
 GET /petugas/registration 200 in 3.5s (next.js: 73ms, proxy.ts: 3.4s, application-code: 51ms)
 GET /petugas/registration 200 in 503ms (next.js: 67ms, proxy.ts: 345ms, application-code: 91ms)
 GET /petugas/registration 200 in 495ms (next.js: 64ms, proxy.ts: 362ms, application-code: 70ms)
 GET /petugas/registration 200 in 706ms (next.js: 9ms, proxy.ts: 373ms, application-code: 324ms)
 GET /petugas/registration 200 in 849ms (next.js: 9ms, proxy.ts: 593ms, application-code: 247ms)
 GET /petugas/registration 200 in 1230ms (next.js: 26ms, proxy.ts: 864ms, application-code: 339ms)
 GET /petugas/registration 200 in 2.7s (next.js: 259ms, proxy.ts: 541ms, application-code: 1860ms)
 GET /petugas/registration 200 in 3.6s (next.js: 337ms, proxy.ts: 1169ms, application-code: 2.1s)
 GET /petugas/queue 200 in 2.7s (next.js: 121ms, proxy.ts: 2.4s, application-code: 166ms)
 GET /petugas/registration 200 in 653ms (next.js: 18ms, proxy.ts: 563ms, application-code: 72ms)
 GET /petugas/registration 200 in 1394ms (next.js: 17ms, proxy.ts: 993ms, application-code: 385ms)
 GET /petugas/registration 200 in 969ms (next.js: 140ms, proxy.ts: 753ms, application-code: 76ms)
 GET /petugas/registration 200 in 522ms (next.js: 78ms, proxy.ts: 393ms, application-code: 52ms)
 GET /petugas/registration 200 in 1135ms (next.js: 9ms, proxy.ts: 1061ms, application-code: 65ms)
 GET /petugas/registration 200 in 264ms (next.js: 6ms, proxy.ts: 205ms, application-code: 53ms)
 GET /petugas/registration 200 in 1486ms (next.js: 112ms, proxy.ts: 395ms, application-code: 979ms)
 GET /petugas/registration 200 in 1827ms (next.js: 110ms, proxy.ts: 1656ms, application-code: 61ms)
 GET /petugas/registration 200 in 1329ms (next.js: 12ms, proxy.ts: 810ms, application-code: 508ms)
 GET /petugas/registration 200 in 3.7s (next.js: 104ms, proxy.ts: 3.0s, application-code: 621ms)
 GET /petugas/registration 200 in 1624ms (next.js: 23ms, proxy.ts: 1311ms, application-code: 290ms)
 GET /login 200 in 1078ms (next.js: 148ms, proxy.ts: 33ms, application-code: 897ms)
○ Compiling /admin ...
 GET /admin 200 in 43s (next.js: 42s, proxy.ts: 349ms, application-code: 211ms)
 GET /admin 200 in 560ms (next.js: 17ms, proxy.ts: 458ms, application-code: 85ms)
 GET /admin 200 in 597ms (next.js: 10ms, proxy.ts: 301ms, application-code: 286ms)
 GET /admin 200 in 351ms (next.js: 15ms, proxy.ts: 221ms, application-code: 114ms)
○ Compiling /admin/users ...
 GET /admin/users 200 in 15.3s (next.js: 14.9s, proxy.ts: 367ms, application-code: 110ms)
 GET /admin/users 200 in 636ms (next.js: -8079µs, proxy.ts: 534ms, application-code: 110ms)
○ Compiling /admin/doctors ...
 GET /admin/doctors 200 in 13.5s (next.js: 12.4s, proxy.ts: 863ms, application-code: 142ms)
○ Compiling /admin/audit-log ...
 GET /admin/audit-log 200 in 5.3s (next.js: 4.8s, proxy.ts: 335ms, application-code: 109ms)
 GET /admin/users 200 in 627ms (next.js: 60ms, proxy.ts: 427ms, application-code: 140ms)
 GET /admin/users 200 in 4.6s (next.js: 95ms, proxy.ts: 1926ms, application-code: 2.5s)
 GET /admin/doctors 200 in 577ms (next.js: 117ms, proxy.ts: 325ms, application-code: 135ms)
○ Compiling /admin/poli ...
 GET /admin/poli 200 in 34.4s (next.js: 32.8s, proxy.ts: 1465ms, application-code: 142ms)
 GET /admin/poli 200 in 7.2s (next.js: 86ms, proxy.ts: 6.9s, application-code: 133ms)
○ Compiling /admin/schedules ...
 GET /admin/schedules 200 in 11.5s (next.js: 11.1s, proxy.ts: 373ms, application-code: 103ms)
○ Compiling /admin/reports ...
 GET /admin/reports 200 in 10.0s (next.js: 9.6s, proxy.ts: 368ms, application-code: 90ms)
 GET /admin/audit-log 200 in 601ms (next.js: 82ms, proxy.ts: 431ms, application-code: 87ms)
 GET /profile 200 in 2.3s (next.js: 1883ms, proxy.ts: 256ms, application-code: 111ms)
 GET /admin 200 in 2.6s (next.js: 2.1s, proxy.ts: 371ms, application-code: 85ms)
 GET /admin 200 in 13.9s (next.js: 10.9s, proxy.ts: 1372ms, application-code: 1586ms)
○ Compiling /admin/audit-log ...
 GET /admin/audit-log 200 in 3.9s (next.js: 3.4s, proxy.ts: 352ms, application-code: 138ms)
 GET /admin 200 in 412ms (next.js: 31ms, proxy.ts: 302ms, application-code: 79ms)
 GET /admin 200 in 9.9s (next.js: 7.2s, proxy.ts: 933ms, application-code: 1763ms)
 GET /admin 200 in 15.1s (next.js: 7.6s, proxy.ts: 5.7s, application-code: 1798ms)
○ Compiling /admin/users ...
 GET /admin/users 200 in 14.8s (next.js: 14.1s, proxy.ts: 602ms, application-code: 112ms)
 GET /admin/users 200 in 513ms (next.js: 16ms, proxy.ts: 387ms, application-code: 110ms)
 GET /admin/schedules 200 in 453ms (next.js: 45ms, proxy.ts: 326ms, application-code: 82ms)
 GET /admin 200 in 253ms (next.js: 48ms, proxy.ts: 164ms, application-code: 42ms)
 GET /admin/users 200 in 269ms (next.js: 8ms, proxy.ts: 209ms, application-code: 52ms)
 GET /admin/schedules 200 in 591ms (next.js: 25ms, proxy.ts: 422ms, application-code: 144ms)
 GET /admin 200 in 695ms (next.js: 13ms, proxy.ts: 629ms, application-code: 53ms)
 GET /admin/users 200 in 495ms (next.js: 28ms, proxy.ts: 393ms, application-code: 74ms)
 GET /admin 200 in 435ms (next.js: 8ms, proxy.ts: 365ms, application-code: 62ms)
 GET /admin/users 200 in 1393ms (next.js: 84ms, proxy.ts: 1194ms, application-code: 115ms)
 GET /admin/users 200 in 3.9s (next.js: 2.6s, proxy.ts: 899ms, application-code: 407ms)
 GET /admin 200 in 3.2s (next.js: 114ms, proxy.ts: 1910ms, application-code: 1128ms)
○ Compiling /login ...
 GET /login 200 in 21.5s (next.js: 20.3s, proxy.ts: 47ms, application-code: 1079ms)
○ Compiling /petugas ...
 GET /petugas 200 in 8.0s (next.js: 7.5s, proxy.ts: 403ms, application-code: 115ms)
○ Compiling /petugas/registration ...
 GET /petugas/registration 200 in 10.3s (next.js: 4.8s, proxy.ts: 322ms, application-code: 5.2s)
 GET /petugas 200 in 555ms (next.js: 46ms, proxy.ts: 429ms, application-code: 80ms)
 GET /petugas/registration 200 in 487ms (next.js: 13ms, proxy.ts: 353ms, application-code: 121ms)
○ Compiling /petugas/queue ...
 GET /petugas/queue 200 in 10.2s (next.js: 9.9s, proxy.ts: 195ms, application-code: 117ms)
 GET /petugas 200 in 441ms (next.js: 22ms, proxy.ts: 355ms, application-code: 63ms)
 GET /petugas/registration 200 in 9.1s (next.js: 414ms, proxy.ts: 8.4s, application-code: 315ms)
 GET /petugas/registration 200 in 1361ms (next.js: 206ms, proxy.ts: 1062ms, application-code: 93ms)
 GET /petugas/registration 200 in 524ms (next.js: 114ms, proxy.ts: 327ms, application-code: 83ms)
▲ Next.js 16.2.10 (webpack)
- Local:         http://localhost:3000
- Network:       http://192.168.1.68:3000
- Environments: .env.local
✓ Ready in 2.2s
  Skipping creating a lockfile at D:\Pemograman Web-adi\klinik-app\.next\dev\lock because we're using WASM bindings

○ Compiling /petugas/registration ...
 GET /petugas/registration 200 in 21.2s (next.js: 18.7s, proxy.ts: 765ms, application-code: 1774ms)
○ Compiling /petugas ...
 GET /petugas 200 in 8.4s (next.js: 6.9s, proxy.ts: 1314ms, application-code: 151ms)
 GET /petugas 200 in 1067ms (next.js: 60ms, proxy.ts: 674ms, application-code: 333ms)
 GET /petugas/registration 200 in 466ms (next.js: 36ms, proxy.ts: 368ms, application-code: 63ms)
 GET /monitor 200 in 3.4s (next.js: 2.2s, proxy.ts: 335ms, application-code: 927ms)
 GET /petugas/registration 200 in 504ms (next.js: 29ms, proxy.ts: 409ms, application-code: 66ms)
 GET /petugas/registration 200 in 537ms (next.js: 8ms, proxy.ts: 247ms, application-code: 283ms)
[?25h
